2024-11-21T22:35:55.098+05:30  INFO 67414 --- [demo] [main] com.example.demo.DemoApplication         : Starting DemoApplication using Java 23 with PID 67414 (/Users/suman/Documents/7th sem/RAS/demo 4/target/classes started by suman in /Users/suman/Documents/7th sem/RAS/demo 4)
2024-11-21T22:35:55.105+05:30  INFO 67414 --- [demo] [main] com.example.demo.DemoApplication         : No active profile set, falling back to 1 default profile: "default"
2024-11-21T22:35:55.367+05:30  INFO 67414 --- [demo] [main] .s.d.r.c.RepositoryConfigurationDelegate : Bootstrapping Spring Data JPA repositories in DEFAULT mode.
2024-11-21T22:35:55.390+05:30  INFO 67414 --- [demo] [main] .s.d.r.c.RepositoryConfigurationDelegate : Finished Spring Data repository scanning in 19 ms. Found 1 JPA repository interface.
2024-11-21T22:35:55.604+05:30  INFO 67414 --- [demo] [main] o.s.b.w.embedded.tomcat.TomcatWebServer  : Tomcat initialized with port 8080 (http)
2024-11-21T22:35:55.612+05:30  INFO 67414 --- [demo] [main] o.apache.catalina.core.StandardService   : Starting service [Tomcat]
2024-11-21T22:35:55.612+05:30  INFO 67414 --- [demo] [main] o.apache.catalina.core.StandardEngine    : Starting Servlet engine: [Apache Tomcat/10.1.30]
2024-11-21T22:35:55.638+05:30  INFO 67414 --- [demo] [main] o.a.c.c.C.[Tomcat].[localhost].[/]       : Initializing Spring embedded WebApplicationContext
2024-11-21T22:35:55.638+05:30  INFO 67414 --- [demo] [main] w.s.c.ServletWebServerApplicationContext : Root WebApplicationContext: initialization completed in 505 ms
2024-11-21T22:35:55.657+05:30  INFO 67414 --- [demo] [main] com.zaxxer.hikari.HikariDataSource       : HikariPool-1 - Starting...
2024-11-21T22:35:55.730+05:30  INFO 67414 --- [demo] [main] com.zaxxer.hikari.pool.HikariPool        : HikariPool-1 - Added connection conn0: url=jdbc:h2:mem:testdb user=SA
2024-11-21T22:35:55.730+05:30  INFO 67414 --- [demo] [main] com.zaxxer.hikari.HikariDataSource       : HikariPool-1 - Start completed.
2024-11-21T22:35:55.736+05:30  INFO 67414 --- [demo] [main] o.s.b.a.h2.H2ConsoleAutoConfiguration    : H2 console available at '/h2-console'. Database available at 'jdbc:h2:mem:testdb'
2024-11-21T22:35:55.791+05:30  INFO 67414 --- [demo] [main] o.hibernate.jpa.internal.util.LogHelper  : HHH000204: Processing PersistenceUnitInfo [name: default]
2024-11-21T22:35:55.812+05:30  INFO 67414 --- [demo] [main] org.hibernate.Version                    : HHH000412: Hibernate ORM core version 6.5.3.Final
2024-11-21T22:35:55.829+05:30  INFO 67414 --- [demo] [main] o.h.c.internal.RegionFactoryInitiator    : HHH000026: Second-level cache disabled
2024-11-21T22:35:55.938+05:30  INFO 67414 --- [demo] [main] o.s.o.j.p.SpringPersistenceUnitInfo      : No LoadTimeWeaver setup: ignoring JPA class transformer
2024-11-21T22:35:55.954+05:30  WARN 67414 --- [demo] [main] org.hibernate.orm.deprecation            : HHH90000025: H2Dialect does not need to be specified explicitly using 'hibernate.dialect' (remove the property setting and it will be selected by default)
2024-11-21T22:35:56.277+05:30  INFO 67414 --- [demo] [main] o.h.e.t.j.p.i.JtaPlatformInitiator       : HHH000489: No JTA platform available (set 'hibernate.transaction.jta.platform' to enable JTA platform integration)
2024-11-21T22:35:56.302+05:30  INFO 67414 --- [demo] [main] j.LocalContainerEntityManagerFactoryBean : Initialized JPA EntityManagerFactory for persistence unit 'default'
2024-11-21T22:35:56.411+05:30  WARN 67414 --- [demo] [main] JpaBaseConfiguration$JpaWebConfiguration : spring.jpa.open-in-view is enabled by default. Therefore, database queries may be performed during view rendering. Explicitly configure spring.jpa.open-in-view to disable this warning
2024-11-21T22:35:56.567+05:30  INFO 67414 --- [demo] [main] o.s.b.w.embedded.tomcat.TomcatWebServer  : Tomcat started on port 8080 (http) with context path '/'
2024-11-21T22:35:56.572+05:30  INFO 67414 --- [demo] [main] com.example.demo.DemoApplication         : Started DemoApplication in 1.655 seconds (process running for 1.806)
2024-11-21T22:35:56.574+05:30  INFO 67414 --- [demo] [main] com.example.demo.ProductStartupRunner    : ApplicationRunner: Additional startup tasks...
2024-11-21T22:35:56.604+05:30  INFO 67414 --- [demo] [main] com.example.demo.ProductStartupRunner    : CommandLineRunner: Seeding initial data...
2024-11-21T22:36:59.784+05:30  INFO 67414 --- [demo] [http-nio-8080-exec-1] o.a.c.c.C.[Tomcat].[localhost].[/]       : Initializing Spring DispatcherServlet 'dispatcherServlet'
2024-11-21T22:36:59.785+05:30  INFO 67414 --- [demo] [http-nio-8080-exec-1] o.s.web.servlet.DispatcherServlet        : Initializing Servlet 'dispatcherServlet'
2024-11-21T22:36:59.787+05:30  INFO 67414 --- [demo] [http-nio-8080-exec-1] o.s.web.servlet.DispatcherServlet        : Completed initialization in 2 ms
